<?xml version="1.0" encoding="UTF-8"?>
<robot generator="Robot 6.0.2 (Python 3.11.4 on win32)" generated="20230622 15:54:46.876" rpa="false" schemaversion="3">
<suite id="s1" name="Login Test" source="C:\Users\Samia\Desktop\Robot_Projet_POM\test_cases\login_test.robot">
<test id="s1-t1" name="tc01 login test" line="15">
<kw name="GIVEN ouvrir le navigateur" library="login_keywords" type="SETUP">
<arg>${url}</arg>
<arg>${browser}</arg>
<kw name="Open Browser" library="SeleniumLibrary">
<arg>${url}</arg>
<arg>${browser}</arg>
<doc>Opens a new browser instance to the optional ``url``.</doc>
<msg timestamp="20230622 15:54:47.110" level="INFO">Opening browser 'gc' to base url 'https://admin-demo.nopcommerce.com/login?ReturnUrl=%2Fadmin%2F'.</msg>
<status status="PASS" starttime="20230622 15:54:47.108" endtime="20230622 15:54:49.715"/>
</kw>
<kw name="Maximize Browser Window" library="SeleniumLibrary">
<doc>Maximizes current browser window.</doc>
<status status="PASS" starttime="20230622 15:54:49.716" endtime="20230622 15:54:49.835"/>
</kw>
<status status="PASS" starttime="20230622 15:54:47.108" endtime="20230622 15:54:49.836"/>
</kw>
<kw name="WHEN saisir le nom d'utilisateur" library="login_keywords">
<arg>${email}</arg>
<kw name="Sleep" library="BuiltIn">
<arg>3</arg>
<doc>Pauses the test executed for the given time.</doc>
<msg timestamp="20230622 15:54:52.837" level="INFO">Slept 3 seconds</msg>
<status status="PASS" starttime="20230622 15:54:49.836" endtime="20230622 15:54:52.837"/>
</kw>
<kw name="Clear Element Text" library="SeleniumLibrary">
<arg>${txt_login_username_id}</arg>
<doc>Clears the value of the text-input-element identified by ``locator``.</doc>
<status status="PASS" starttime="20230622 15:54:52.837" endtime="20230622 15:54:52.910"/>
</kw>
<kw name="Input Text" library="SeleniumLibrary">
<arg>${txt_login_username_id}</arg>
<arg>${email}</arg>
<doc>Types the given ``text`` into the text field identified by ``locator``.</doc>
<msg timestamp="20230622 15:54:52.911" level="INFO">Typing text 'admin@yourstore.com' into text field 'id:Email'.</msg>
<status status="PASS" starttime="20230622 15:54:52.910" endtime="20230622 15:54:53.039"/>
</kw>
<status status="PASS" starttime="20230622 15:54:49.836" endtime="20230622 15:54:53.039"/>
</kw>
<kw name="AND saisir le mot de passe" library="login_keywords">
<arg>${password}</arg>
<kw name="Sleep" library="BuiltIn">
<arg>3</arg>
<doc>Pauses the test executed for the given time.</doc>
<msg timestamp="20230622 15:54:56.042" level="INFO">Slept 3 seconds</msg>
<status status="PASS" starttime="20230622 15:54:53.041" endtime="20230622 15:54:56.042"/>
</kw>
<kw name="Clear Element Text" library="SeleniumLibrary">
<arg>${txt_login_password_id}</arg>
<doc>Clears the value of the text-input-element identified by ``locator``.</doc>
<status status="PASS" starttime="20230622 15:54:56.042" endtime="20230622 15:54:56.084"/>
</kw>
<kw name="Input Text" library="SeleniumLibrary">
<arg>${txt_login_password_id}</arg>
<arg>${pass}</arg>
<doc>Types the given ``text`` into the text field identified by ``locator``.</doc>
<msg timestamp="20230622 15:54:56.084" level="INFO">Typing text 'admin' into text field 'id:Password'.</msg>
<status status="PASS" starttime="20230622 15:54:56.084" endtime="20230622 15:54:56.152"/>
</kw>
<status status="PASS" starttime="20230622 15:54:53.040" endtime="20230622 15:54:56.152"/>
</kw>
<kw name="AND cliquer sur le bouton login" library="login_keywords">
<kw name="Click Button" library="SeleniumLibrary">
<arg>${btn_login_xpath}</arg>
<doc>Clicks the button identified by ``locator``.</doc>
<msg timestamp="20230622 15:54:56.153" level="INFO">Clicking button '//button[@type='submit']'.</msg>
<status status="PASS" starttime="20230622 15:54:56.153" endtime="20230622 15:54:59.185"/>
</kw>
<status status="PASS" starttime="20230622 15:54:56.152" endtime="20230622 15:54:59.185"/>
</kw>
<kw name="THEN valider l'affichage d'un titre dans la page d'accueil" library="login_keywords">
<arg>${mot a valider}</arg>
<kw name="Element Should Contain" library="SeleniumLibrary">
<arg>${title_header_xpath}</arg>
<arg>${texte_entete}</arg>
<doc>Verifies that element ``locator`` contains text ``expected``.</doc>
<msg timestamp="20230622 15:54:59.230" level="INFO">Element '//h1[contains(text(),'Dashboard')]' contains text 'Dashboard'.</msg>
<status status="PASS" starttime="20230622 15:54:59.186" endtime="20230622 15:54:59.230"/>
</kw>
<status status="PASS" starttime="20230622 15:54:59.185" endtime="20230622 15:54:59.230"/>
</kw>
<kw name="AND fermer le navigateur" library="login_keywords" type="TEARDOWN">
<kw name="Sleep" library="BuiltIn">
<arg>4</arg>
<doc>Pauses the test executed for the given time.</doc>
<msg timestamp="20230622 15:55:03.232" level="INFO">Slept 4 seconds</msg>
<status status="PASS" starttime="20230622 15:54:59.232" endtime="20230622 15:55:03.232"/>
</kw>
<kw name="Close Browser" library="SeleniumLibrary">
<doc>Closes the current browser.</doc>
<status status="PASS" starttime="20230622 15:55:03.232" endtime="20230622 15:55:05.450"/>
</kw>
<status status="PASS" starttime="20230622 15:54:59.232" endtime="20230622 15:55:05.450"/>
</kw>
<status status="PASS" starttime="20230622 15:54:47.107" endtime="20230622 15:55:05.450"/>
</test>
<status status="PASS" starttime="20230622 15:54:46.878" endtime="20230622 15:55:05.451"/>
</suite>
<statistics>
<total>
<stat pass="1" fail="0" skip="0">All Tests</stat>
</total>
<tag>
</tag>
<suite>
<stat pass="1" fail="0" skip="0" id="s1" name="Login Test">Login Test</stat>
</suite>
</statistics>
<errors>
</errors>
</robot>
